# JRE version: Java(TM) SE Runtime Environment (8.0_231-b11) (build 1.8.0_231-b11)
# Java VM: Java HotSpot(TM) 64-Bit Server VM (25.231-b11 mixed mode windows-amd64 compressed oops)
Heap:
 garbage-first heap   total 253952K, used 49107K [0x00000000c0000000, 0x00000000c01007c0, 0x0000000100000000)
  region size 1024K, 1 young (1024K), 1 survivors (1024K)
 Metaspace       used 53736K, capacity 56724K, committed 56912K, reserved 1099776K
  class space    used 5513K, capacity 6491K, committed 6528K, reserved 1048576K
GC Heap History (10 events):
Event: 176.159 GC heap after
Heap after GC invocations=47 (full 0):
 garbage-first heap   total 63488K, used 45764K [0x00000000c0000000, 0x00000000c01001f0, 0x0000000100000000)
  region size 1024K, 1 young (1024K), 1 survivors (1024K)
 Metaspace       used 53733K, capacity 56724K, committed 56912K, reserved 1099776K
  class space    used 5513K, capacity 6491K, committed 6528K, reserved 1048576K
}
Event: 176.254 GC heap before
{Heap before GC invocations=47 (full 0):
 garbage-first heap   total 63488K, used 52932K [0x00000000c0000000, 0x00000000c01001f0, 0x0000000100000000)
  region size 1024K, 8 young (8192K), 1 survivors (1024K)
 Metaspace       used 53734K, capacity 56724K, committed 56912K, reserved 1099776K
  class space    used 5513K, capacity 6491K, committed 6528K, reserved 1048576K
Event: 176.269 GC heap after
Heap after GC invocations=48 (full 0):
 garbage-first heap   total 63488K, used 48640K [0x00000000c0000000, 0x00000000c01001f0, 0x0000000100000000)
  region size 1024K, 1 young (1024K), 1 survivors (1024K)
 Metaspace       used 53734K, capacity 56724K, committed 56912K, reserved 1099776K
  class space    used 5513K, capacity 6491K, committed 6528K, reserved 1048576K
}
Event: 176.340 GC heap before
{Heap before GC invocations=48 (full 0):
 garbage-first heap   total 63488K, used 54784K [0x00000000c0000000, 0x00000000c01001f0, 0x0000000100000000)
  region size 1024K, 7 young (7168K), 1 survivors (1024K)
 Metaspace       used 53734K, capacity 56724K, committed 56912K, reserved 1099776K
  class space    used 5513K, capacity 6491K, committed 6528K, reserved 1048576K
Event: 176.351 GC heap after
Heap after GC invocations=49 (full 0):
 garbage-first heap   total 63488K, used 50338K [0x00000000c0000000, 0x00000000c01001f0, 0x0000000100000000)
  region size 1024K, 1 young (1024K), 1 survivors (1024K)
 Metaspace       used 53734K, capacity 56724K, committed 56912K, reserved 1099776K
  class space    used 5513K, capacity 6491K, committed 6528K, reserved 1048576K
}
Event: 176.494 GC heap before
{Heap before GC invocations=49 (full 0):
 garbage-first heap   total 63488K, used 54434K [0x00000000c0000000, 0x00000000c01001f0, 0x0000000100000000)
  region size 1024K, 5 young (5120K), 1 survivors (1024K)
 Metaspace       used 53734K, capacity 56724K, committed 56912K, reserved 1099776K
  class space    used 5513K, capacity 6491K, committed 6528K, reserved 1048576K
Event: 176.504 GC heap after
Heap after GC invocations=50 (full 0):
 garbage-first heap   total 63488K, used 51960K [0x00000000c0000000, 0x00000000c01001f0, 0x0000000100000000)
  region size 1024K, 1 young (1024K), 1 survivors (1024K)
 Metaspace       used 53734K, capacity 56724K, committed 56912K, reserved 1099776K
  class space    used 5513K, capacity 6491K, committed 6528K, reserved 1048576K
}
Event: 176.557 GC heap before
{Heap before GC invocations=51 (full 0):
 garbage-first heap   total 63488K, used 54008K [0x00000000c0000000, 0x00000000c01001f0, 0x0000000100000000)
  region size 1024K, 3 young (3072K), 1 survivors (1024K)
 Metaspace       used 53734K, capacity 56724K, committed 56912K, reserved 1099776K
  class space    used 5513K, capacity 6491K, committed 6528K, reserved 1048576K
Event: 176.576 GC heap after
Heap after GC invocations=52 (full 0):
 garbage-first heap   total 126976K, used 53124K [0x00000000c0000000, 0x00000000c01003e0, 0x0000000100000000)
  region size 1024K, 1 young (1024K), 1 survivors (1024K)
 Metaspace       used 53734K, capacity 56724K, committed 56912K, reserved 1099776K
  class space    used 5513K, capacity 6491K, committed 6528K, reserved 1048576K
}
Event: 176.712 GC heap before
{Heap before GC invocations=52 (full 0):
 garbage-first heap   total 126976K, used 58244K [0x00000000c0000000, 0x00000000c01003e0, 0x0000000100000000)
  region size 1024K, 6 young (6144K), 1 survivors (1024K)
 Metaspace       used 53736K, capacity 56724K, committed 56912K, reserved 1099776K
  class space    used 5513K, capacity 6491K, committed 6528K, reserved 1048576K

