# JRE version: Java(TM) SE Runtime Environment (8.0_231-b11) (build 1.8.0_231-b11)
# Java VM: Java HotSpot(TM) 64-Bit Server VM (25.231-b11 mixed mode windows-amd64 compressed oops)
Heap:
 garbage-first heap   total 262144K, used 57001K [0x00000000c0000000, 0x00000000c0100800, 0x0000000100000000)
  region size 1024K, 7 young (7168K), 7 survivors (7168K)
 Metaspace       used 54974K, capacity 58122K, committed 58496K, reserved 1101824K
  class space    used 5461K, capacity 6402K, committed 6528K, reserved 1048576K
GC Heap History (10 events):
Event: 391.850 GC heap after
Heap after GC invocations=93 (full 0):
 garbage-first heap   total 65536K, used 50752K [0x00000000c0000000, 0x00000000c0100200, 0x0000000100000000)
  region size 1024K, 1 young (1024K), 1 survivors (1024K)
 Metaspace       used 54836K, capacity 57926K, committed 58240K, reserved 1101824K
  class space    used 5457K, capacity 6402K, committed 6528K, reserved 1048576K
}
Event: 391.882 GC heap before
{Heap before GC invocations=93 (full 0):
 garbage-first heap   total 65536K, used 52800K [0x00000000c0000000, 0x00000000c0100200, 0x0000000100000000)
  region size 1024K, 3 young (3072K), 1 survivors (1024K)
 Metaspace       used 54857K, capacity 57926K, committed 58240K, reserved 1101824K
  class space    used 5457K, capacity 6402K, committed 6528K, reserved 1048576K
Event: 391.896 GC heap after
Heap after GC invocations=94 (full 0):
 garbage-first heap   total 65536K, used 46796K [0x00000000c0000000, 0x00000000c0100200, 0x0000000100000000)
  region size 1024K, 1 young (1024K), 1 survivors (1024K)
 Metaspace       used 54857K, capacity 57926K, committed 58240K, reserved 1101824K
  class space    used 5457K, capacity 6402K, committed 6528K, reserved 1048576K
}
Event: 391.948 GC heap before
{Heap before GC invocations=94 (full 0):
 garbage-first heap   total 65536K, used 48844K [0x00000000c0000000, 0x00000000c0100200, 0x0000000100000000)
  region size 1024K, 3 young (3072K), 1 survivors (1024K)
 Metaspace       used 54858K, capacity 57926K, committed 58240K, reserved 1101824K
  class space    used 5457K, capacity 6402K, committed 6528K, reserved 1048576K
Event: 391.974 GC heap after
Heap after GC invocations=95 (full 0):
 garbage-first heap   total 65536K, used 46488K [0x00000000c0000000, 0x00000000c0100200, 0x0000000100000000)
  region size 1024K, 1 young (1024K), 1 survivors (1024K)
 Metaspace       used 54858K, capacity 57926K, committed 58240K, reserved 1101824K
  class space    used 5457K, capacity 6402K, committed 6528K, reserved 1048576K
}
Event: 392.011 GC heap before
{Heap before GC invocations=95 (full 0):
 garbage-first heap   total 65536K, used 48536K [0x00000000c0000000, 0x00000000c0100200, 0x0000000100000000)
  region size 1024K, 3 young (3072K), 1 survivors (1024K)
 Metaspace       used 54858K, capacity 57926K, committed 58240K, reserved 1101824K
  class space    used 5457K, capacity 6402K, committed 6528K, reserved 1048576K
Event: 392.030 GC heap after
Heap after GC invocations=96 (full 0):
 garbage-first heap   total 65536K, used 49152K [0x00000000c0000000, 0x00000000c0100200, 0x0000000100000000)
  region size 1024K, 1 young (1024K), 1 survivors (1024K)
 Metaspace       used 54858K, capacity 57926K, committed 58240K, reserved 1101824K
  class space    used 5457K, capacity 6402K, committed 6528K, reserved 1048576K
}
Event: 392.079 GC heap before
{Heap before GC invocations=96 (full 0):
 garbage-first heap   total 65536K, used 51200K [0x00000000c0000000, 0x00000000c0100200, 0x0000000100000000)
  region size 1024K, 3 young (3072K), 1 survivors (1024K)
 Metaspace       used 54858K, capacity 57926K, committed 58240K, reserved 1101824K
  class space    used 5457K, capacity 6402K, committed 6528K, reserved 1048576K
Event: 392.092 GC heap after
Heap after GC invocations=97 (full 0):
 garbage-first heap   total 131072K, used 50009K [0x00000000c0000000, 0x00000000c0100400, 0x0000000100000000)
  region size 1024K, 1 young (1024K), 1 survivors (1024K)
 Metaspace       used 54858K, capacity 57926K, committed 58240K, reserved 1101824K
  class space    used 5457K, capacity 6402K, committed 6528K, reserved 1048576K
}
Event: 394.875 GC heap before
{Heap before GC invocations=98 (full 0):
 garbage-first heap   total 131072K, used 106329K [0x00000000c0000000, 0x00000000c0100400, 0x0000000100000000)
  region size 1024K, 56 young (57344K), 1 survivors (1024K)
 Metaspace       used 54974K, capacity 58122K, committed 58496K, reserved 1101824K
  class space    used 5461K, capacity 6402K, committed 6528K, reserved 1048576K

