# JRE version: Java(TM) SE Runtime Environment (8.0_231-b11) (build 1.8.0_231-b11)
# Java VM: Java HotSpot(TM) 64-Bit Server VM (25.231-b11 mixed mode windows-amd64 compressed oops)
Heap:
 garbage-first heap   total 223232K, used 102700K [0x00000000c0000000, 0x00000000c01006d0, 0x0000000100000000)
  region size 1024K, 1 young (1024K), 1 survivors (1024K)
 Metaspace       used 45418K, capacity 47934K, committed 48156K, reserved 1091584K
  class space    used 4827K, capacity 5655K, committed 5660K, reserved 1048576K
GC Heap History (10 events):
Event: 27.125 GC heap after
Heap after GC invocations=35 (full 0):
 garbage-first heap   total 111616K, used 84780K [0x00000000c0000000, 0x00000000c0100368, 0x0000000100000000)
  region size 1024K, 3 young (3072K), 3 survivors (3072K)
 Metaspace       used 45418K, capacity 47934K, committed 48156K, reserved 1091584K
  class space    used 4827K, capacity 5655K, committed 5660K, reserved 1048576K
}
Event: 27.363 GC heap before
{Heap before GC invocations=35 (full 0):
 garbage-first heap   total 111616K, used 92972K [0x00000000c0000000, 0x00000000c0100368, 0x0000000100000000)
  region size 1024K, 11 young (11264K), 3 survivors (3072K)
 Metaspace       used 45418K, capacity 47934K, committed 48156K, reserved 1091584K
  class space    used 4827K, capacity 5655K, committed 5660K, reserved 1048576K
Event: 27.389 GC heap after
Heap after GC invocations=36 (full 0):
 garbage-first heap   total 111616K, used 90924K [0x00000000c0000000, 0x00000000c0100368, 0x0000000100000000)
  region size 1024K, 2 young (2048K), 2 survivors (2048K)
 Metaspace       used 45418K, capacity 47934K, committed 48156K, reserved 1091584K
  class space    used 4827K, capacity 5655K, committed 5660K, reserved 1048576K
}
Event: 27.510 GC heap before
{Heap before GC invocations=37 (full 0):
 garbage-first heap   total 111616K, used 95020K [0x00000000c0000000, 0x00000000c0100368, 0x0000000100000000)
  region size 1024K, 6 young (6144K), 2 survivors (2048K)
 Metaspace       used 45418K, capacity 47934K, committed 48156K, reserved 1091584K
  class space    used 4827K, capacity 5655K, committed 5660K, reserved 1048576K
Event: 27.537 GC heap after
Heap after GC invocations=38 (full 0):
 garbage-first heap   total 111616K, used 95532K [0x00000000c0000000, 0x00000000c0100368, 0x0000000100000000)
  region size 1024K, 1 young (1024K), 1 survivors (1024K)
 Metaspace       used 45418K, capacity 47934K, committed 48156K, reserved 1091584K
  class space    used 4827K, capacity 5655K, committed 5660K, reserved 1048576K
}
Event: 27.630 GC heap before
{Heap before GC invocations=38 (full 0):
 garbage-first heap   total 111616K, used 99628K [0x00000000c0000000, 0x00000000c0100368, 0x0000000100000000)
  region size 1024K, 5 young (5120K), 1 survivors (1024K)
 Metaspace       used 45418K, capacity 47934K, committed 48156K, reserved 1091584K
  class space    used 4827K, capacity 5655K, committed 5660K, reserved 1048576K
Event: 27.671 GC heap after
Heap after GC invocations=39 (full 0):
 garbage-first heap   total 111616K, used 93484K [0x00000000c0000000, 0x00000000c0100368, 0x0000000100000000)
  region size 1024K, 1 young (1024K), 1 survivors (1024K)
 Metaspace       used 45418K, capacity 47934K, committed 48156K, reserved 1091584K
  class space    used 4827K, capacity 5655K, committed 5660K, reserved 1048576K
}
Event: 27.716 GC heap before
{Heap before GC invocations=39 (full 0):
 garbage-first heap   total 111616K, used 97580K [0x00000000c0000000, 0x00000000c0100368, 0x0000000100000000)
  region size 1024K, 5 young (5120K), 1 survivors (1024K)
 Metaspace       used 45418K, capacity 47934K, committed 48156K, reserved 1091584K
  class space    used 4827K, capacity 5655K, committed 5660K, reserved 1048576K
Event: 27.739 GC heap after
Heap after GC invocations=40 (full 0):
 garbage-first heap   total 111616K, used 98092K [0x00000000c0000000, 0x00000000c0100368, 0x0000000100000000)
  region size 1024K, 1 young (1024K), 1 survivors (1024K)
 Metaspace       used 45418K, capacity 47934K, committed 48156K, reserved 1091584K
  class space    used 4827K, capacity 5655K, committed 5660K, reserved 1048576K
}
Event: 27.763 GC heap before
{Heap before GC invocations=40 (full 0):
 garbage-first heap   total 111616K, used 102188K [0x00000000c0000000, 0x00000000c0100368, 0x0000000100000000)
  region size 1024K, 5 young (5120K), 1 survivors (1024K)
 Metaspace       used 45418K, capacity 47934K, committed 48156K, reserved 1091584K
  class space    used 4827K, capacity 5655K, committed 5660K, reserved 1048576K

